0 info it worked if it ends with ok
1 verbose cli [ 'D:\\Eclipse\\Knowledge\\knowledgeProject\\src\\knowledge\\node\\node.exe',
1 verbose cli   'D:\\Eclipse\\Knowledge\\knowledgeProject\\src\\knowledge\\node\\node_modules\\npm\\bin\\npm-cli.js',
1 verbose cli   'run',
1 verbose cli   'emoji' ]
2 info using npm@3.10.9
3 info using node@v6.9.2
4 verbose run-script [ 'preemoji', 'emoji', 'postemoji' ]
5 info lifecycle knowledge@1.0.0~preemoji: knowledge@1.0.0
6 silly lifecycle knowledge@1.0.0~preemoji: no script for preemoji, continuing
7 info lifecycle knowledge@1.0.0~emoji: knowledge@1.0.0
8 verbose lifecycle knowledge@1.0.0~emoji: unsafe-perm in lifecycle true
9 verbose lifecycle knowledge@1.0.0~emoji: PATH: D:\Eclipse\Knowledge\knowledgeProject\src\knowledge\node\node_modules\npm\bin\node-gyp-bin;D:\Eclipse\Knowledge\knowledgeProject\src\knowledge\node_modules\.bin;D:\Eclipse\Knowledge\knowledgeProject\src\knowledge\node;C:\Users\snoww\AppData\Local\Programs\Python\Python38\Scripts\;C:\Users\snoww\AppData\Local\Programs\Python\Python38\;C:\Python38\Scripts\;C:\Python38\;C:\Program Files (x86)\Intel\iCLS Client\;C:\Program Files\Intel\iCLS Client\;C:\Windows\system32;C:\Windows;C:\Windows\System32\Wbem;C:\Windows\System32\WindowsPowerShell\v1.0\;C:\WINDOWS\system32;C:\WINDOWS;C:\WINDOWS\System32\Wbem;C:\WINDOWS\System32\WindowsPowerShell\v1.0\;C:\Program Files (x86)\Intel\Intel(R) Management Engine Components\DAL;C:\Program Files\Intel\Intel(R) Management Engine Components\DAL;C:\Program Files (x86)\Intel\Intel(R) Management Engine Components\IPT;C:\Program Files\Intel\Intel(R) Management Engine Components\IPT;C:\WINDOWS\System32\OpenSSH\;C:\ProgramData\ComposerSetup\bin;C:\ProgramData\chocolatey\bin;D:\xampp\php;D:\Program file(x86)\Git\Git\cmd;D:\Program file(x86)\Node\;D:\php-7.4.5;D:\programing\Java\jdk-16.0.1_windows-x64_bin\jdk-16.0.1\bin;;C:\Program Files (x86)\NVIDIA Corporation\PhysX\Common;C:\Program Files\NVIDIA Corporation\NVIDIA NvDLISR;C:\Program Files\Docker\Docker\resources\bin;C:\Users\snoww\AppData\Local\Microsoft\WindowsApps;D:\xampp\php\php;C:\Users\snoww\AppData\Roaming\Composer\vendor\bin;C:\Users\snoww\AppData\Roaming\npm;
10 verbose lifecycle knowledge@1.0.0~emoji: CWD: D:\Eclipse\Knowledge\knowledgeProject\src\knowledge
11 silly lifecycle knowledge@1.0.0~emoji: Args: [ '/d /s /c', 'node copy-emoji.js' ]
12 silly lifecycle knowledge@1.0.0~emoji: Returned: code: 1  signal: null
13 info lifecycle knowledge@1.0.0~emoji: Failed to exec emoji script
14 verbose stack Error: knowledge@1.0.0 emoji: `node copy-emoji.js`
14 verbose stack Exit status 1
14 verbose stack     at EventEmitter.<anonymous> (D:\Eclipse\Knowledge\knowledgeProject\src\knowledge\node\node_modules\npm\lib\utils\lifecycle.js:255:16)
14 verbose stack     at emitTwo (events.js:106:13)
14 verbose stack     at EventEmitter.emit (events.js:191:7)
14 verbose stack     at ChildProcess.<anonymous> (D:\Eclipse\Knowledge\knowledgeProject\src\knowledge\node\node_modules\npm\lib\utils\spawn.js:40:14)
14 verbose stack     at emitTwo (events.js:106:13)
14 verbose stack     at ChildProcess.emit (events.js:191:7)
14 verbose stack     at maybeClose (internal/child_process.js:877:16)
14 verbose stack     at Process.ChildProcess._handle.onexit (internal/child_process.js:226:5)
15 verbose pkgid knowledge@1.0.0
16 verbose cwd D:\Eclipse\Knowledge\knowledgeProject\src\knowledge
17 error Windows_NT 10.0.19043
18 error argv "D:\\Eclipse\\Knowledge\\knowledgeProject\\src\\knowledge\\node\\node.exe" "D:\\Eclipse\\Knowledge\\knowledgeProject\\src\\knowledge\\node\\node_modules\\npm\\bin\\npm-cli.js" "run" "emoji"
19 error node v6.9.2
20 error npm  v3.10.9
21 error code ELIFECYCLE
22 error knowledge@1.0.0 emoji: `node copy-emoji.js`
22 error Exit status 1
23 error Failed at the knowledge@1.0.0 emoji script 'node copy-emoji.js'.
23 error Make sure you have the latest version of node.js and npm installed.
23 error If you do, this is most likely a problem with the knowledge package,
23 error not with npm itself.
23 error Tell the author that this fails on your system:
23 error     node copy-emoji.js
23 error You can get information on how to open an issue for this project with:
23 error     npm bugs knowledge
23 error Or if that isn't available, you can get their info via:
23 error     npm owner ls knowledge
23 error There is likely additional logging output above.
24 verbose exit [ 1, true ]
